<?xml version="1.0" encoding="UTF-8"?>
<!-- Generated by org.testng.reporters.JUnitReportReporter -->
<testsuite hostname="DESKTOP-OS617JJ" failures="0" tests="1" name="com.demoqa.tests.TextBoxTests" time="15.881" errors="0" timestamp="2023-12-19T12:38:40 MEZ" skipped="0">
  <testcase classname="com.demoqa.tests.TextBoxTests" name="keyBoardEventTest" time="15.881"/>
</testsuite> <!-- com.demoqa.tests.TextBoxTests -->
